<?xml version="1.0" encoding="UTF-8"?>
<testng-results skipped="0" failed="1" ignored="0" total="1" passed="0">
  <reporter-output>
    <line>
      <![CDATA[Chrome Browser launches]]>
    </line>
    <line>
      <![CDATA[Navigate to the URL]]>
    </line>
    <line>
      <![CDATA[TC_001_VerifyHeaderTest has beeen failed and Screenshot has been taken]]>
    </line>
    <line>
      <![CDATA[Browser closed]]>
    </line>
  </reporter-output>
  <suite name="HolaQuiz Suite" duration-ms="7064" started-at="2021-05-16T11:29:13Z" finished-at="2021-05-16T11:29:20Z">
    <groups>
      <group name="Regression">
        <method signature="DashboardTest.TC_001_VerifyHeaderTest()[pri:0, instance:com.vapronixweb.holaquiz.scripts.DashboardTest@370736d9]" name="TC_001_VerifyHeaderTest" class="com.vapronixweb.holaquiz.scripts.DashboardTest"/>
      </group> <!-- Regression -->
    </groups>
    <test name="HolaQuizTest" duration-ms="7064" started-at="2021-05-16T11:29:13Z" finished-at="2021-05-16T11:29:20Z">
      <class name="com.vapronixweb.holaquiz.scripts.DashboardTest">
        <test-method status="PASS" signature="deleteOutputDirectory()[pri:0, instance:com.vapronixweb.holaquiz.scripts.DashboardTest@370736d9]" name="deleteOutputDirectory" is-config="true" duration-ms="30" started-at="2021-05-16T16:59:13Z" finished-at="2021-05-16T16:59:13Z">
          <reporter-output>
          </reporter-output>
        </test-method> <!-- deleteOutputDirectory -->
        <test-method status="PASS" signature="preConditionWeb(java.lang.String)[pri:0, instance:com.vapronixweb.holaquiz.scripts.DashboardTest@370736d9]" name="preConditionWeb" is-config="true" duration-ms="6362" started-at="2021-05-16T16:59:13Z" finished-at="2021-05-16T16:59:19Z">
          <params>
            <param index="0">
              <value>
                <![CDATA[chrome]]>
              </value>
            </param>
          </params>
          <reporter-output>
            <line>
              <![CDATA[Chrome Browser launches]]>
            </line>
            <line>
              <![CDATA[Navigate to the URL]]>
            </line>
          </reporter-output>
        </test-method> <!-- preConditionWeb -->
        <test-method status="FAIL" signature="TC_001_VerifyHeaderTest()[pri:0, instance:com.vapronixweb.holaquiz.scripts.DashboardTest@370736d9]" name="TC_001_VerifyHeaderTest" duration-ms="98" started-at="2021-05-16T16:59:19Z" finished-at="2021-05-16T16:59:19Z">
          <exception class="java.lang.AssertionError">
            <message>
              <![CDATA[expected [false] but found [true]]]>
            </message>
            <full-stacktrace>
              <![CDATA[java.lang.AssertionError: expected [false] but found [true]at org.testng.Assert.fail(Assert.java:96)at org.testng.Assert.failNotEquals(Assert.java:776)at org.testng.Assert.assertFalse(Assert.java:65)at org.testng.Assert.assertFalse(Assert.java:75)at com.vapronixweb.pageobject.DashboardPage.verifyAllHeaderElements(DashboardPage.java:18)at com.vapronixweb.holaquiz.scripts.DashboardTest.TC_001_VerifyHeaderTest(DashboardTest.java:11)at sun.reflect.NativeMethodAccessorImpl.invoke0(Native Method)at sun.reflect.NativeMethodAccessorImpl.invoke(NativeMethodAccessorImpl.java:62)at sun.reflect.DelegatingMethodAccessorImpl.invoke(DelegatingMethodAccessorImpl.java:43)at java.lang.reflect.Method.invoke(Method.java:498)at org.testng.internal.MethodInvocationHelper.invokeMethod(MethodInvocationHelper.java:124)at org.testng.internal.Invoker.invokeMethod(Invoker.java:571)at org.testng.internal.Invoker.invokeTestMethod(Invoker.java:707)at org.testng.internal.Invoker.invokeTestMethods(Invoker.java:979)at org.testng.internal.TestMethodWorker.invokeTestMethods(TestMethodWorker.java:125)at org.testng.internal.TestMethodWorker.run(TestMethodWorker.java:109)at org.testng.TestRunner.privateRun(TestRunner.java:648)at org.testng.TestRunner.run(TestRunner.java:505)at org.testng.SuiteRunner.runTest(SuiteRunner.java:455)at org.testng.SuiteRunner.runSequentially(SuiteRunner.java:450)at org.testng.SuiteRunner.privateRun(SuiteRunner.java:415)at org.testng.SuiteRunner.run(SuiteRunner.java:364)at org.testng.SuiteRunnerWorker.runSuite(SuiteRunnerWorker.java:52)at org.testng.SuiteRunnerWorker.run(SuiteRunnerWorker.java:84)at org.testng.TestNG.runSuitesSequentially(TestNG.java:1187)at org.testng.TestNG.runSuitesLocally(TestNG.java:1116)at org.testng.TestNG.runSuites(TestNG.java:1028)at org.testng.TestNG.run(TestNG.java:996)at org.testng.remote.AbstractRemoteTestNG.run(AbstractRemoteTestNG.java:115)at org.testng.remote.RemoteTestNG.initAndRun(RemoteTestNG.java:251)at org.testng.remote.RemoteTestNG.main(RemoteTestNG.java:77)]]>
            </full-stacktrace>
          </exception> <!-- java.lang.AssertionError -->
          <reporter-output>
          </reporter-output>
        </test-method> <!-- TC_001_VerifyHeaderTest -->
        <test-method status="PASS" signature="postCondition(org.testng.ITestResult)[pri:0, instance:com.vapronixweb.holaquiz.scripts.DashboardTest@370736d9]" name="postCondition" is-config="true" duration-ms="566" started-at="2021-05-16T16:59:19Z" finished-at="2021-05-16T16:59:20Z">
          <params>
            <param index="0">
              <value>
                <![CDATA[[TestResult name=TC_001_VerifyHeaderTest status=FAILURE method=DashboardTest.TC_001_VerifyHeaderTest()[pri:0, instance:com.vapronixweb.holaquiz.scripts.DashboardTest@370736d9] output={null}]]]>
              </value>
            </param>
          </params>
          <reporter-output>
            <line>
              <![CDATA[TC_001_VerifyHeaderTest has beeen failed and Screenshot has been taken]]>
            </line>
            <line>
              <![CDATA[Browser closed]]>
            </line>
          </reporter-output>
        </test-method> <!-- postCondition -->
      </class> <!-- com.vapronixweb.holaquiz.scripts.DashboardTest -->
    </test> <!-- HolaQuizTest -->
  </suite> <!-- HolaQuiz Suite -->
</testng-results>
